#
# A fatal error has been detected by the Java Runtime Environment:
#
#  Internal Error (os_windows_x86.cpp:149), pid=6040, tid=3168
#  guarantee(result == EXCEPTION_CONTINUE_EXECUTION) failed: Unexpected result from topLevelExceptionFilter
#
# JRE version: 7.0_11-b21
# Java VM: Java HotSpot(TM) 64-Bit Server VM (23.6-b04 mixed mode windows-amd64 compressed oops)
# Failed to write core dump. Minidumps are not enabled by default on client versions of Windows
#
# If you would like to submit a bug report, please visit:
#   http://bugreport.sun.com/bugreport/crash.jsp
# The crash happened outside the Java Virtual Machine in native code.
# See problematic frame for where to report the bug.
#

---------------  T H R E A D  ---------------

Current thread (0x000000000d22e800):  JavaThread "Thread-2" [_thread_in_native, id=3168, stack(0x000000000f550000,0x000000000f650000)]

Stack: [0x000000000f550000,0x000000000f650000]
Java frames: (J=compiled Java code, j=interpreted, Vv=VM code)
j  org.puredata.core.PdBase.process(I[S[S)I+0
j  com.generalprocessingunit.dodecathedral.win.JavaSoundThread.perform()V+124
j  com.generalprocessingunit.dodecathedral.win.JavaSoundThread.run()V+6
v  ~StubRoutines::call_stub

---------------  P R O C E S S  ---------------

Java Threads: ( => current thread )
  0x000000000eba8800 JavaThread "Animation Thread-SharedResourceRunner" daemon [_thread_blocked, id=7404, stack(0x000000000e130000,0x000000000e230000)]
  0x0000000002580800 JavaThread "DestroyJavaVM" [_thread_blocked, id=8224, stack(0x00000000023e0000,0x00000000024e0000)]
  0x000000000d1c7800 JavaThread "Java Sound Event Dispatcher" daemon [_thread_blocked, id=10152, stack(0x000000000fa20000,0x000000000fb20000)]
=>0x000000000d22e800 JavaThread "Thread-2" [_thread_in_native, id=3168, stack(0x000000000f550000,0x000000000f650000)]
  0x000000000d22b800 JavaThread "Animation Thread" [_thread_blocked, id=9308, stack(0x000000000f350000,0x000000000f450000)]
  0x000000000d129800 JavaThread "Image Fetcher 1" daemon [_thread_blocked, id=2260, stack(0x000000000ea10000,0x000000000eb10000)]
  0x000000000d0a9000 JavaThread "Image Fetcher 0" daemon [_thread_blocked, id=4844, stack(0x000000000e910000,0x000000000ea10000)]
  0x000000000d0ae800 JavaThread "AWT-EventQueue-0" [_thread_in_native, id=10104, stack(0x000000000df20000,0x000000000e020000)]
  0x000000000cfaa000 JavaThread "AWT-Windows" daemon [_thread_in_native, id=8772, stack(0x000000000de20000,0x000000000df20000)]
  0x000000000cfa7800 JavaThread "AWT-Shutdown" [_thread_blocked, id=9376, stack(0x000000000dd20000,0x000000000de20000)]
  0x000000000cfa6800 JavaThread "Java2D Disposer" daemon [_thread_blocked, id=9864, stack(0x000000000dc20000,0x000000000dd20000)]
  0x000000000cec9000 JavaThread "Monitor Ctrl-Break" daemon [_thread_in_native, id=7108, stack(0x000000000d250000,0x000000000d350000)]
  0x000000000b4b6000 JavaThread "Service Thread" daemon [_thread_blocked, id=8704, stack(0x000000000cc50000,0x000000000cd50000)]
  0x000000000b4ae800 JavaThread "C2 CompilerThread1" daemon [_thread_blocked, id=9476, stack(0x000000000cb50000,0x000000000cc50000)]
  0x000000000b4a1000 JavaThread "C2 CompilerThread0" daemon [_thread_blocked, id=8104, stack(0x000000000ca50000,0x000000000cb50000)]
  0x000000000b4a0000 JavaThread "Attach Listener" daemon [_thread_blocked, id=816, stack(0x000000000c950000,0x000000000ca50000)]
  0x000000000b49c800 JavaThread "Signal Dispatcher" daemon [_thread_blocked, id=6592, stack(0x000000000c850000,0x000000000c950000)]
  0x000000000b436800 JavaThread "Finalizer" daemon [_thread_blocked, id=2560, stack(0x000000000c750000,0x000000000c850000)]
  0x000000000b42d800 JavaThread "Reference Handler" daemon [_thread_blocked, id=9000, stack(0x000000000c650000,0x000000000c750000)]

Other Threads:
  0x000000000b426000 VMThread [stack: 0x000000000c550000,0x000000000c650000] [id=6896]
  0x000000000b4cf000 WatcherThread [stack: 0x000000000cd50000,0x000000000ce50000] [id=3888]

VM state:not at safepoint (normal execution)

VM Mutex/Monitor currently owned by a thread: None

Heap
 PSYoungGen      total 37632K, used 24378K [0x00000007d5f60000, 0x00000007d8960000, 0x0000000800000000)
  eden space 32256K, 64% used [0x00000007d5f60000,0x00000007d73bf6a8,0x00000007d7ee0000)
  from space 5376K, 65% used [0x00000007d7ee0000,0x00000007d824f358,0x00000007d8420000)
  to   space 5376K, 0% used [0x00000007d8420000,0x00000007d8420000,0x00000007d8960000)
 ParOldGen       total 86144K, used 8K [0x0000000781e00000, 0x0000000787220000, 0x00000007d5f60000)
  object space 86144K, 0% used [0x0000000781e00000,0x0000000781e02000,0x0000000787220000)
 PSPermGen       total 21248K, used 16062K [0x000000077cc00000, 0x000000077e0c0000, 0x0000000781e00000)
  object space 21248K, 75% used [0x000000077cc00000,0x000000077dbaf970,0x000000077e0c0000)

Card table byte_map: [0x0000000005680000,0x0000000005aa0000] byte_map_base: 0x0000000001a9a000

Polling page: 0x0000000000a30000

Code Cache  [0x0000000002680000, 0x00000000028f0000, 0x0000000005680000)
 total_blobs=819 nmethods=81 adapters=689 free_code_cache=48291Kb largest_free_block=49424192

Compilation events (10 events):
Event: 1.594 Thread 0x000000000b4ae800   76             java.lang.Math::max (11 bytes)
Event: 1.594 Thread 0x000000000b4ae800 nmethod 76 0x0000000002756e90 code [0x0000000002756fc0, 0x0000000002757018]
Event: 1.600 Thread 0x000000000b4a1000   77             com.jogamp.common.util.IntIntHashMap::get (52 bytes)
Event: 1.601 Thread 0x000000000b4a1000 nmethod 77 0x0000000002756510 code [0x0000000002756660, 0x0000000002756758]
Event: 1.605 Thread 0x000000000b4ae800   78             jogamp.opengl.gl4.GL4bcImpl::glGetIntegerv (113 bytes)
Event: 1.605 Thread 0x000000000b4a1000   79             jogamp.opengl.GLStateTracker::getInt (32 bytes)
Event: 1.608 Thread 0x000000000b4a1000 nmethod 79 0x0000000002756010 code [0x0000000002756160, 0x00000000027562f8]
Event: 1.608 Thread 0x000000000b4a1000   80             com.jogamp.opengl.util.GLBuffers::glGetInteger (13 bytes)
Event: 1.608 Thread 0x000000000b4ae800 nmethod 78 0x00000000027557d0 code [0x0000000002755940, 0x0000000002755bc8]
Event: 1.613 Thread 0x000000000b4a1000 nmethod 80 0x000000000275b4d0 code [0x000000000275b640, 0x000000000275b908]

GC Heap History (2 events):
Event: 1.320 GC heap before
{Heap before GC invocations=1 (full 0):
 PSYoungGen      total 37632K, used 32256K [0x00000007d5f60000, 0x00000007d8960000, 0x0000000800000000)
  eden space 32256K, 100% used [0x00000007d5f60000,0x00000007d7ee0000,0x00000007d7ee0000)
  from space 5376K, 0% used [0x00000007d8420000,0x00000007d8420000,0x00000007d8960000)
  to   space 5376K, 0% used [0x00000007d7ee0000,0x00000007d7ee0000,0x00000007d8420000)
 ParOldGen       total 86144K, used 0K [0x0000000781e00000, 0x0000000787220000, 0x00000007d5f60000)
  object space 86144K, 0% used [0x0000000781e00000,0x0000000781e00000,0x0000000787220000)
 PSPermGen       total 21248K, used 15576K [0x000000077cc00000, 0x000000077e0c0000, 0x0000000781e00000)
  object space 21248K, 73% used [0x000000077cc00000,0x000000077db36260,0x000000077e0c0000)
Event: 1.330 GC heap after
Heap after GC invocations=1 (full 0):
 PSYoungGen      total 37632K, used 3516K [0x00000007d5f60000, 0x00000007d8960000, 0x0000000800000000)
  eden space 32256K, 0% used [0x00000007d5f60000,0x00000007d5f60000,0x00000007d7ee0000)
  from space 5376K, 65% used [0x00000007d7ee0000,0x00000007d824f358,0x00000007d8420000)
  to   space 5376K, 0% used [0x00000007d8420000,0x00000007d8420000,0x00000007d8960000)
 ParOldGen       total 86144K, used 8K [0x0000000781e00000, 0x0000000787220000, 0x00000007d5f60000)
  object space 86144K, 0% used [0x0000000781e00000,0x0000000781e02000,0x0000000787220000)
 PSPermGen       total 21248K, used 15576K [0x000000077cc00000, 0x000000077e0c0000, 0x0000000781e00000)
  object space 21248K, 73% used [0x000000077cc00000,0x000000077db36260,0x000000077e0c0000)
}

Deoptimization events (2 events):
Event: 1.365 Thread 0x000000000eba8800 Uncommon trap -83 fr.pc 0x0000000002753604
Event: 1.654 Thread 0x000000000d0ae800 Uncommon trap -83 fr.pc 0x0000000002756714

Internal exceptions (10 events):
Event: 1.564 Thread 0x000000000d22b800 Threw 0x00000007d73844f8 at C:\jdk7u1_64p\jdk7u11\hotspot\src\share\vm\prims\jvm.cpp:1166
Event: 1.564 Thread 0x000000000d22b800 Threw 0x00000007d7388de0 at C:\jdk7u1_64p\jdk7u11\hotspot\src\share\vm\prims\jvm.cpp:1166
Event: 1.565 Thread 0x000000000d22b800 Threw 0x00000007d738e7b8 at C:\jdk7u1_64p\jdk7u11\hotspot\src\share\vm\prims\jvm.cpp:1166
Event: 1.565 Thread 0x000000000d22b800 Threw 0x00000007d73962d0 at C:\jdk7u1_64p\jdk7u11\hotspot\src\share\vm\prims\jvm.cpp:1166
Event: 1.566 Thread 0x000000000d22b800 Threw 0x00000007d739dd40 at C:\jdk7u1_64p\jdk7u11\hotspot\src\share\vm\prims\jvm.cpp:1166
Event: 1.566 Thread 0x000000000d22b800 Threw 0x00000007d73a3d08 at C:\jdk7u1_64p\jdk7u11\hotspot\src\share\vm\prims\jvm.cpp:1166
Event: 1.567 Thread 0x000000000d22b800 Threw 0x00000007d73aa520 at C:\jdk7u1_64p\jdk7u11\hotspot\src\share\vm\prims\jvm.cpp:1166
Event: 1.567 Thread 0x000000000d22b800 Threw 0x00000007d73afe70 at C:\jdk7u1_64p\jdk7u11\hotspot\src\share\vm\prims\jvm.cpp:1166
Event: 1.575 Thread 0x000000000d0ae800 Threw 0x00000007d67f0590 at C:\jdk7u1_64p\jdk7u11\hotspot\src\share\vm\prims\jvm.cpp:1166
Event: 1.652 Thread 0x000000000d0ae800 Threw 0x00000007d6831218 at C:\jdk7u1_64p\jdk7u11\hotspot\src\share\vm\prims\jvm.cpp:1166

Events (10 events):
Event: 1.575 loading class 0x000000000ece3b80
Event: 1.575 loading class 0x000000000ece3b80 done
Event: 1.575 loading class 0x000000000edd88c0
Event: 1.575 loading class 0x000000000edd88c0 done
Event: 1.652 loading class 0x000000000d01bca0
Event: 1.652 loading class 0x000000000d01bca0 done
Event: 1.654 loading class 0x000000000b424ed0
Event: 1.654 loading class 0x000000000b424ed0 done
Event: 1.654 Thread 0x000000000d0ae800 DEOPT PACKING pc=0x0000000002756714 sp=0x000000000e01d810
Event: 1.654 Thread 0x000000000d0ae800 DEOPT UNPACKING pc=0x00000000026b9164 sp=0x000000000e01d7a0 mode 2


Dynamic libraries:
0x000007f714100000 - 0x000007f714133000 	C:\Program Files\Java\jdk1.7.0_11\bin\java.exe
0x000007fc4de10000 - 0x000007fc4dfce000 	C:\windows\SYSTEM32\ntdll.dll
0x000007fc4b8f0000 - 0x000007fc4ba26000 	C:\windows\system32\KERNEL32.DLL
0x000007fc4b100000 - 0x000007fc4b1f3000 	C:\windows\system32\KERNELBASE.dll
0x000007fc42550000 - 0x000007fc425ef000 	C:\windows\system32\apphelp.dll
0x000007fc4b280000 - 0x000007fc4b35e000 	C:\windows\system32\ADVAPI32.dll
0x000007fc4b600000 - 0x000007fc4b74c000 	C:\windows\system32\USER32.dll
0x000007fc488b0000 - 0x000007fc48b19000 	C:\windows\WinSxS\amd64_microsoft.windows.common-controls_6595b64144ccf1df_6.0.9200.16384_none_418c2a697189c07f\COMCTL32.dll
0x000007fc4bee0000 - 0x000007fc4bf85000 	C:\windows\system32\msvcrt.dll
0x000007fc4d6f0000 - 0x000007fc4d738000 	C:\windows\SYSTEM32\sechost.dll
0x000007fc4b360000 - 0x000007fc4b4a0000 	C:\windows\system32\RPCRT4.dll
0x000007fc4dcd0000 - 0x000007fc4de10000 	C:\windows\system32\GDI32.dll
0x000007fc4dc90000 - 0x000007fc4dcc9000 	C:\windows\system32\IMM32.DLL
0x000007fc4bfa0000 - 0x000007fc4c0b5000 	C:\windows\system32\MSCTF.dll
0x0000000065810000 - 0x00000000658e1000 	C:\Program Files\Java\jdk1.7.0_11\jre\bin\msvcr100.dll
0x00000000650f0000 - 0x000000006580f000 	C:\Program Files\Java\jdk1.7.0_11\jre\bin\server\jvm.dll
0x000007fc408b0000 - 0x000007fc408b9000 	C:\windows\SYSTEM32\WSOCK32.dll
0x000007fc47d40000 - 0x000007fc47d60000 	C:\windows\SYSTEM32\WINMM.dll
0x000007fc4bed0000 - 0x000007fc4bed7000 	C:\windows\system32\PSAPI.DLL
0x000007fc4c3a0000 - 0x000007fc4c3f8000 	C:\windows\system32\WS2_32.dll
0x000007fc47d00000 - 0x000007fc47d32000 	C:\windows\SYSTEM32\WINMMBASE.dll
0x000007fc4bea0000 - 0x000007fc4bea9000 	C:\windows\system32\NSI.dll
0x00000000650e0000 - 0x00000000650ef000 	C:\Program Files\Java\jdk1.7.0_11\jre\bin\verify.dll
0x00000000650b0000 - 0x00000000650d8000 	C:\Program Files\Java\jdk1.7.0_11\jre\bin\java.dll
0x0000000065090000 - 0x00000000650a5000 	C:\Program Files\Java\jdk1.7.0_11\jre\bin\zip.dll
0x000007fc40f80000 - 0x000007fc40f90000 	C:\Program Files (x86)\JetBrains\IntelliJ IDEA 12.1\bin\breakgen64.dll
0x0000000065070000 - 0x0000000065089000 	C:\Program Files\Java\jdk1.7.0_11\jre\bin\net.dll
0x000007fc4a590000 - 0x000007fc4a5ec000 	C:\windows\system32\mswsock.dll
0x0000000064ed0000 - 0x0000000065063000 	C:\Program Files\Java\jdk1.7.0_11\jre\bin\awt.dll
0x000007fc4d740000 - 0x000007fc4d803000 	C:\windows\system32\OLEAUT32.dll
0x000007fc4d8c0000 - 0x000007fc4da70000 	C:\windows\system32\combase.dll
0x000007fc48f10000 - 0x000007fc48f31000 	C:\windows\system32\DWMAPI.DLL
0x000007fc49bd0000 - 0x000007fc49cb3000 	C:\windows\system32\uxtheme.dll
0x000007fc3ec10000 - 0x000007fc3eca5000 	C:\Program Files\Common Files\microsoft shared\ink\tiptsf.dll
0x000007fc4bd20000 - 0x000007fc4be9e000 	C:\windows\system32\ole32.dll
0x000007fc4ab80000 - 0x000007fc4ab8a000 	C:\windows\SYSTEM32\CRYPTBASE.dll
0x000007fc4ab20000 - 0x000007fc4ab7c000 	C:\windows\SYSTEM32\bcryptPrimitives.dll
0x0000000064e90000 - 0x0000000064ec4000 	C:\Program Files\Java\jdk1.7.0_11\jre\bin\fontmanager.dll
0x0000000064e70000 - 0x0000000064e81000 	C:\Program Files\Java\jdk1.7.0_11\jre\bin\nio.dll
0x000007fc47d60000 - 0x000007fc47dc9000 	C:\windows\SYSTEM32\oleacc.dll
0x000007fc4d820000 - 0x000007fc4d8b6000 	C:\windows\SYSTEM32\clbcatq.dll
0x0000000062480000 - 0x0000000062493000 	C:\Dev Tools\path\pthreadGC2.dll
0x0000000065ec0000 - 0x0000000065fa7000 	C:\Dev Tools\path\pdnative.dll
0x0000000064e60000 - 0x0000000064e6c000 	C:\Program Files\Java\jdk1.7.0_11\jre\bin\jsound.dll
0x0000000064e50000 - 0x0000000064e5b000 	C:\Program Files\Java\jdk1.7.0_11\jre\bin\jsoundds.dll
0x000007fc37080000 - 0x000007fc3710b000 	C:\windows\SYSTEM32\DSOUND.dll
0x000007fc4ace0000 - 0x000007fc4ad23000 	C:\windows\SYSTEM32\POWRPROF.dll
0x000007fc48b30000 - 0x000007fc48b92000 	C:\windows\SYSTEM32\MMDevAPI.DLL
0x000007fc4b250000 - 0x000007fc4b272000 	C:\windows\system32\DEVOBJ.dll
0x000007fc4b200000 - 0x000007fc4b24f000 	C:\windows\SYSTEM32\cfgmgr32.dll
0x000007fc38fd0000 - 0x000007fc39009000 	C:\windows\SYSTEM32\wdmaud.drv
0x000007fc3d340000 - 0x000007fc3d347000 	C:\windows\SYSTEM32\ksuser.dll
0x000007fc48b20000 - 0x000007fc48b29000 	C:\windows\SYSTEM32\AVRT.dll
0x000007fc45f10000 - 0x000007fc45f82000 	C:\windows\SYSTEM32\AUDIOSES.DLL
0x000007fc3f170000 - 0x000007fc3f17b000 	C:\windows\SYSTEM32\msacm32.drv
0x000007fc3dfe0000 - 0x000007fc3dff9000 	C:\windows\SYSTEM32\MSACM32.dll
0x000007fc3edd0000 - 0x000007fc3edd9000 	C:\windows\SYSTEM32\midimap.dll
0x000007fc4a5f0000 - 0x000007fc4a60a000 	C:\windows\SYSTEM32\CRYPTSP.dll
0x000007fc4a270000 - 0x000007fc4a2b9000 	C:\windows\system32\rsaenh.dll
0x000007fc4a370000 - 0x000007fc4a38f000 	C:\windows\SYSTEM32\USERENV.dll
0x000007fc4ad40000 - 0x000007fc4ad55000 	C:\windows\SYSTEM32\profapi.dll
0x000007fc3d060000 - 0x000007fc3d074000 	C:\windows\system32\napinsp.dll
0x000007fc3d080000 - 0x000007fc3d098000 	C:\windows\system32\pnrpnsp.dll
0x000007fc497d0000 - 0x000007fc497e6000 	C:\windows\system32\NLAapi.dll
0x000007fc4a3d0000 - 0x000007fc4a468000 	C:\windows\SYSTEM32\DNSAPI.dll
0x000007fc3d120000 - 0x000007fc3d132000 	C:\windows\System32\winrnr.dll
0x000007fc3d0a0000 - 0x000007fc3d0b4000 	C:\windows\system32\wshbth.dll
0x000007fc3f690000 - 0x000007fc3f698000 	C:\Windows\System32\rasadhlp.dll
0x000007fc468d0000 - 0x000007fc468fa000 	C:\windows\SYSTEM32\IPHLPAPI.DLL
0x000007fc468b0000 - 0x000007fc468ba000 	C:\windows\SYSTEM32\WINNSI.DLL
0x000007fc46480000 - 0x000007fc464df000 	C:\windows\System32\fwpuclnt.dll
0x00000000637c0000 - 0x00000000637ca000 	C:\Users\Paul\AppData\Local\Temp\jogamp_0000\file_cache\jln7267197835885902782\jln533428949947824021\gluegen-rt.dll
0x0000000064e40000 - 0x0000000064e47000 	C:\Program Files\Java\jdk1.7.0_11\jre\bin\jawt.dll
0x000000006a440000 - 0x000000006a44b000 	C:\Users\Paul\AppData\Local\Temp\jogamp_0000\file_cache\jln7267197835885902782\jln533428949947824021\nativewindow_awt.dll
0x000007fc4c400000 - 0x000007fc4d6e8000 	C:\windows\system32\SHELL32.dll
0x000007fc4c2f0000 - 0x000007fc4c340000 	C:\windows\system32\SHLWAPI.dll
0x000007fc49350000 - 0x000007fc493e6000 	C:\windows\SYSTEM32\shcore.dll
0x000000006c100000 - 0x000000006c10b000 	C:\Users\Paul\AppData\Local\Temp\jogamp_0000\file_cache\jln7267197835885902782\jln533428949947824021\nativewindow_win32.dll
0x000007fc36820000 - 0x000007fc3693f000 	C:\windows\SYSTEM32\OpenGL32.dll
0x000007fc367f0000 - 0x000007fc3681c000 	C:\windows\SYSTEM32\GLU32.dll
0x000007fc36700000 - 0x000007fc367ea000 	C:\windows\SYSTEM32\DDRAW.dll
0x000007fc372c0000 - 0x000007fc372c8000 	C:\windows\SYSTEM32\DCIMAN32.dll
0x0000000064500000 - 0x000000006458b000 	C:\Users\Paul\AppData\Local\Temp\jogamp_0000\file_cache\jln7267197835885902782\jln533428949947824021\jogl_desktop.dll
0x000007fc237d0000 - 0x000007fc242ef000 	C:\windows\SYSTEM32\ig7icd64.dll

VM Arguments:
jvm_args: -Didea.launcher.port=7538 -Didea.launcher.bin.path=C:\Program Files (x86)\JetBrains\IntelliJ IDEA 12.1\bin -Dfile.encoding=UTF-8 
java_command: com.intellij.rt.execution.application.AppMain com.generalprocessingunit.dodecathedral.win.Dodecathedral
Launcher Type: SUN_STANDARD

Environment Variables:
JAVA_HOME=C:\Program Files\Java\jdk1.7.0_11
PATH=C:\Program Files (x86)\JetBrains\IntelliJ IDEA 12.1\bin\..\.\bin;C:\Program Files (x86)\Intel\iCLS Client\;C:\Program Files\Intel\iCLS Client\;C:\windows\system32;C:\windows;C:\windows\System32\Wbem;C:\windows\System32\WindowsPowerShell\v1.0\;C:\Program Files\Intel\Intel(R) Management Engine Components\DAL;C:\Program Files\Intel\Intel(R) Management Engine Components\IPT;C:\Program Files (x86)\Intel\Intel(R) Management Engine Components\DAL;C:\Program Files (x86)\Intel\Intel(R) Management Engine Components\IPT;C:\Program Files\Intel\WiFi\bin\;C:\Program Files\Common Files\Intel\WirelessCommon\;C:\Program Files (x86)\Windows Live\Shared;C:\Program Files (x86)\Git\cmd;C:\Program Files\TortoiseSVN\bin;C:\Dev Tools\sixense_simple3d;C:\Program Files (x86)\sbt\;C:\Program Files\Java\jdk1.7.0_11;C:\Dev Tools\path\;c:\program files (x86)\jetbrains\intellij idea 12.1\jre\jre\bin
USERNAME=Paul
OS=Windows_NT
PROCESSOR_IDENTIFIER=Intel64 Family 6 Model 58 Stepping 9, GenuineIntel



---------------  S Y S T E M  ---------------

OS: Windows 8 , 64 bit Build 9200 

CPU:total 4 (2 cores per cpu, 2 threads per core) family 6 model 58 stepping 9, cmov, cx8, fxsr, mmx, sse, sse2, sse3, ssse3, sse4.1, sse4.2, popcnt, avx, ht, tsc, tscinvbit, tscinv

Memory: 4k page, physical 8264980k(2760456k free), swap 12066068k(3769756k free)

vm_info: Java HotSpot(TM) 64-Bit Server VM (23.6-b04) for windows-amd64 JRE (1.7.0_11-b21), built on Jan 12 2013 02:38:42 by "java_re" with unknown MS VC++:1600

time: Sun Apr 07 14:24:30 2013
elapsed time: 1 seconds

