#
# A fatal error has been detected by the Java Runtime Environment:
#
#  Internal Error (os_windows_x86.cpp:149), pid=10204, tid=9292
#  guarantee(result == EXCEPTION_CONTINUE_EXECUTION) failed: Unexpected result from topLevelExceptionFilter
#
# JRE version: 7.0_11-b21
# Java VM: Java HotSpot(TM) 64-Bit Server VM (23.6-b04 mixed mode windows-amd64 compressed oops)
# Failed to write core dump. Minidumps are not enabled by default on client versions of Windows
#
# If you would like to submit a bug report, please visit:
#   http://bugreport.sun.com/bugreport/crash.jsp
# The crash happened outside the Java Virtual Machine in native code.
# See problematic frame for where to report the bug.
#

---------------  T H R E A D  ---------------

Current thread (0x000000000eb7a000):  JavaThread "Thread-7" [_thread_in_native, id=9292, stack(0x000000000e750000,0x000000000e850000)]

Stack: [0x000000000e750000,0x000000000e850000]
Java frames: (J=compiled Java code, j=interpreted, Vv=VM code)
J  org.puredata.core.PdBase.process(I[S[S)I
J  com.generalprocessingunit.dodecathedral.win.JavaSoundThread.perform()V
j  com.generalprocessingunit.dodecathedral.win.JavaSoundThread.run()V+6
v  ~StubRoutines::call_stub

---------------  P R O C E S S  ---------------

Java Threads: ( => current thread )
=>0x000000000eb7a000 JavaThread "Thread-7" [_thread_in_native, id=9292, stack(0x000000000e750000,0x000000000e850000)]
  0x000000000eb7d000 JavaThread "Animation Thread-SharedResourceRunner" daemon [_thread_blocked, id=8052, stack(0x0000000010280000,0x0000000010380000)]
  0x0000000002410800 JavaThread "DestroyJavaVM" [_thread_blocked, id=6288, stack(0x0000000002280000,0x0000000002380000)]
  0x000000000eaab800 JavaThread "Java Sound Event Dispatcher" daemon [_thread_blocked, id=7604, stack(0x000000000f8f0000,0x000000000f9f0000)]
  0x000000000d0e0800 JavaThread "Thread-2" [_thread_blocked, id=5524, stack(0x000000000f480000,0x000000000f580000)]
  0x000000000d0c6000 JavaThread "Animation Thread" [_thread_blocked, id=8536, stack(0x000000000f280000,0x000000000f380000)]
  0x000000000cfb9800 JavaThread "AWT-EventQueue-0" [_thread_blocked, id=3724, stack(0x000000000de80000,0x000000000df80000)]
  0x000000000cef8800 JavaThread "AWT-Windows" daemon [_thread_in_native, id=3956, stack(0x000000000dd80000,0x000000000de80000)]
  0x000000000cef6000 JavaThread "AWT-Shutdown" [_thread_blocked, id=6552, stack(0x000000000dc80000,0x000000000dd80000)]
  0x000000000cef3000 JavaThread "Java2D Disposer" daemon [_thread_blocked, id=4760, stack(0x000000000db80000,0x000000000dc80000)]
  0x000000000ce19000 JavaThread "Monitor Ctrl-Break" daemon [_thread_in_native, id=4588, stack(0x000000000d1a0000,0x000000000d2a0000)]
  0x000000000b3fd000 JavaThread "Service Thread" daemon [_thread_blocked, id=7580, stack(0x000000000cba0000,0x000000000cca0000)]
  0x000000000b3f6000 JavaThread "C2 CompilerThread1" daemon [_thread_blocked, id=3888, stack(0x000000000caa0000,0x000000000cba0000)]
  0x000000000b3f1000 JavaThread "C2 CompilerThread0" daemon [_thread_blocked, id=5868, stack(0x000000000c9a0000,0x000000000caa0000)]
  0x000000000b3f0000 JavaThread "Attach Listener" daemon [_thread_blocked, id=9792, stack(0x000000000c8a0000,0x000000000c9a0000)]
  0x000000000b3ec800 JavaThread "Signal Dispatcher" daemon [_thread_blocked, id=968, stack(0x000000000c7a0000,0x000000000c8a0000)]
  0x000000000b386800 JavaThread "Finalizer" daemon [_thread_blocked, id=7052, stack(0x000000000c6a0000,0x000000000c7a0000)]
  0x000000000b37d800 JavaThread "Reference Handler" daemon [_thread_blocked, id=6740, stack(0x000000000c5a0000,0x000000000c6a0000)]

Other Threads:
  0x000000000b376000 VMThread [stack: 0x000000000c4a0000,0x000000000c5a0000] [id=7740]
  0x000000000b416000 WatcherThread [stack: 0x000000000cca0000,0x000000000cda0000] [id=10120]

VM state:not at safepoint (normal execution)

VM Mutex/Monitor currently owned by a thread: None

Heap
 PSYoungGen      total 17536K, used 16841K [0x00000007d5f60000, 0x00000007d76c0000, 0x0000000800000000)
  eden space 17408K, 96% used [0x00000007d5f60000,0x00000007d6fba680,0x00000007d7060000)
  from space 128K, 75% used [0x00000007d70a0000,0x00000007d70b8000,0x00000007d70c0000)
  to   space 3264K, 0% used [0x00000007d7390000,0x00000007d7390000,0x00000007d76c0000)
 ParOldGen       total 86144K, used 15050K [0x0000000781e00000, 0x0000000787220000, 0x00000007d5f60000)
  object space 86144K, 17% used [0x0000000781e00000,0x0000000782cb2a20,0x0000000787220000)
 PSPermGen       total 21248K, used 17046K [0x000000077cc00000, 0x000000077e0c0000, 0x0000000781e00000)
  object space 21248K, 80% used [0x000000077cc00000,0x000000077dca5840,0x000000077e0c0000)

Card table byte_map: [0x00000000055d0000,0x00000000059f0000] byte_map_base: 0x00000000019ea000

Polling page: 0x0000000000960000

Code Cache  [0x0000000002510000, 0x0000000002780000, 0x0000000005510000)
 total_blobs=1369 nmethods=615 adapters=705 free_code_cache=47091Kb largest_free_block=48178304

Compilation events (10 events):
Event: 95.751 Thread 0x000000000b3f6000  612             java.util.Random::next (47 bytes)
Event: 95.755 Thread 0x000000000b3f6000 nmethod 612 0x00000000026f3f90 code [0x00000000026f40c0, 0x00000000026f41b8]
Event: 97.550 Thread 0x000000000b3f1000  613             java.io.Writer::write (11 bytes)
Event: 97.552 Thread 0x000000000b3f1000 nmethod 613 0x0000000002717190 code [0x00000000027172e0, 0x00000000027173a8]
Event: 101.451 Thread 0x000000000b3f6000  614             jogamp.opengl.ThreadingImpl::getMode (4 bytes)
Event: 101.451 Thread 0x000000000b3f6000 nmethod 614 0x0000000002716f90 code [0x00000000027170c0, 0x0000000002717118]
Event: 105.751 Thread 0x000000000b3f1000  615   !         jogamp.opengl.GLDrawableHelper::displayImpl (82 bytes)
Event: 105.774 Thread 0x000000000b3f1000 nmethod 615 0x000000000271bc90 code [0x000000000271be80, 0x000000000271cad0]
Event: 109.110 Thread 0x000000000b3f6000  616             processing.opengl.Texture::convertToRGBA (320 bytes)
Event: 109.123 Thread 0x000000000b3f6000 nmethod 616 0x00000000027140d0 code [0x0000000002714220, 0x0000000002714bb8]

GC Heap History (10 events):
Event: 98.952 GC heap before
{Heap before GC invocations=31 (full 0):
 PSYoungGen      total 22976K, used 19072K [0x00000007d5f60000, 0x00000007d7b00000, 0x0000000800000000)
  eden space 18944K, 100% used [0x00000007d5f60000,0x00000007d71e0000,0x00000007d71e0000)
  from space 4032K, 3% used [0x00000007d7710000,0x00000007d7730000,0x00000007d7b00000)
  to   space 4672K, 0% used [0x00000007d71e0000,0x00000007d71e0000,0x00000007d7670000)
 ParOldGen       total 86144K, used 15026K [0x0000000781e00000, 0x0000000787220000, 0x00000007d5f60000)
  object space 86144K, 17% used [0x0000000781e00000,0x0000000782caca20,0x0000000787220000)
 PSPermGen       total 21248K, used 17000K [0x000000077cc00000, 0x000000077e0c0000, 0x0000000781e00000)
  object space 21248K, 80% used [0x000000077cc00000,0x000000077dc9a048,0x000000077e0c0000)
Event: 98.954 GC heap after
Heap after GC invocations=31 (full 0):
 PSYoungGen      total 18752K, used 96K [0x00000007d5f60000, 0x00000007d7a10000, 0x0000000800000000)
  eden space 18624K, 0% used [0x00000007d5f60000,0x00000007d5f60000,0x00000007d7190000)
  from space 128K, 75% used [0x00000007d71e0000,0x00000007d71f8000,0x00000007d7200000)
  to   space 4352K, 0% used [0x00000007d75d0000,0x00000007d75d0000,0x00000007d7a10000)
 ParOldGen       total 86144K, used 15034K [0x0000000781e00000, 0x0000000787220000, 0x00000007d5f60000)
  object space 86144K, 17% used [0x0000000781e00000,0x0000000782caea20,0x0000000787220000)
 PSPermGen       total 21248K, used 17000K [0x000000077cc00000, 0x000000077e0c0000, 0x0000000781e00000)
  object space 21248K, 80% used [0x000000077cc00000,0x000000077dc9a048,0x000000077e0c0000)
}
Event: 101.451 GC heap before
{Heap before GC invocations=32 (full 0):
 PSYoungGen      total 18752K, used 18720K [0x00000007d5f60000, 0x00000007d7a10000, 0x0000000800000000)
  eden space 18624K, 100% used [0x00000007d5f60000,0x00000007d7190000,0x00000007d7190000)
  from space 128K, 75% used [0x00000007d71e0000,0x00000007d71f8000,0x00000007d7200000)
  to   space 4352K, 0% used [0x00000007d75d0000,0x00000007d75d0000,0x00000007d7a10000)
 ParOldGen       total 86144K, used 15034K [0x0000000781e00000, 0x0000000787220000, 0x00000007d5f60000)
  object space 86144K, 17% used [0x0000000781e00000,0x0000000782caea20,0x0000000787220000)
 PSPermGen       total 21248K, used 17000K [0x000000077cc00000, 0x000000077e0c0000, 0x0000000781e00000)
  object space 21248K, 80% used [0x000000077cc00000,0x000000077dc9a048,0x000000077e0c0000)
Event: 101.453 GC heap after
Heap after GC invocations=32 (full 0):
 PSYoungGen      total 21696K, used 64K [0x00000007d5f60000, 0x00000007d7920000, 0x0000000800000000)
  eden space 18304K, 0% used [0x00000007d5f60000,0x00000007d5f60000,0x00000007d7140000)
  from space 3392K, 1% used [0x00000007d75d0000,0x00000007d75e0000,0x00000007d7920000)
  to   space 4032K, 0% used [0x00000007d7140000,0x00000007d7140000,0x00000007d7530000)
 ParOldGen       total 86144K, used 15034K [0x0000000781e00000, 0x0000000787220000, 0x00000007d5f60000)
  object space 86144K, 17% used [0x0000000781e00000,0x0000000782caea20,0x0000000787220000)
 PSPermGen       total 21248K, used 17000K [0x000000077cc00000, 0x000000077e0c0000, 0x0000000781e00000)
  object space 21248K, 80% used [0x000000077cc00000,0x000000077dc9a048,0x000000077e0c0000)
}
Event: 103.918 GC heap before
{Heap before GC invocations=33 (full 0):
 PSYoungGen      total 21696K, used 18368K [0x00000007d5f60000, 0x00000007d7920000, 0x0000000800000000)
  eden space 18304K, 100% used [0x00000007d5f60000,0x00000007d7140000,0x00000007d7140000)
  from space 3392K, 1% used [0x00000007d75d0000,0x00000007d75e0000,0x00000007d7920000)
  to   space 4032K, 0% used [0x00000007d7140000,0x00000007d7140000,0x00000007d7530000)
 ParOldGen       total 86144K, used 15034K [0x0000000781e00000, 0x0000000787220000, 0x00000007d5f60000)
  object space 86144K, 17% used [0x0000000781e00000,0x0000000782caea20,0x0000000787220000)
 PSPermGen       total 21248K, used 17000K [0x000000077cc00000, 0x000000077e0c0000, 0x0000000781e00000)
  object space 21248K, 80% used [0x000000077cc00000,0x000000077dc9a048,0x000000077e0c0000)
Event: 103.919 GC heap after
Heap after GC invocations=33 (full 0):
 PSYoungGen      total 18112K, used 96K [0x00000007d5f60000, 0x00000007d7850000, 0x0000000800000000)
  eden space 17984K, 0% used [0x00000007d5f60000,0x00000007d5f60000,0x00000007d70f0000)
  from space 128K, 75% used [0x00000007d7140000,0x00000007d7158000,0x00000007d7160000)
  to   space 3776K, 0% used [0x00000007d74a0000,0x00000007d74a0000,0x00000007d7850000)
 ParOldGen       total 86144K, used 15042K [0x0000000781e00000, 0x0000000787220000, 0x00000007d5f60000)
  object space 86144K, 17% used [0x0000000781e00000,0x0000000782cb0a20,0x0000000787220000)
 PSPermGen       total 21248K, used 17000K [0x000000077cc00000, 0x000000077e0c0000, 0x0000000781e00000)
  object space 21248K, 80% used [0x000000077cc00000,0x000000077dc9a048,0x000000077e0c0000)
}
Event: 106.335 GC heap before
{Heap before GC invocations=34 (full 0):
 PSYoungGen      total 18112K, used 18080K [0x00000007d5f60000, 0x00000007d7850000, 0x0000000800000000)
  eden space 17984K, 100% used [0x00000007d5f60000,0x00000007d70f0000,0x00000007d70f0000)
  from space 128K, 75% used [0x00000007d7140000,0x00000007d7158000,0x00000007d7160000)
  to   space 3776K, 0% used [0x00000007d74a0000,0x00000007d74a0000,0x00000007d7850000)
 ParOldGen       total 86144K, used 15042K [0x0000000781e00000, 0x0000000787220000, 0x00000007d5f60000)
  object space 86144K, 17% used [0x0000000781e00000,0x0000000782cb0a20,0x0000000787220000)
 PSPermGen       total 21248K, used 17000K [0x000000077cc00000, 0x000000077e0c0000, 0x0000000781e00000)
  object space 21248K, 80% used [0x000000077cc00000,0x000000077dc9a048,0x000000077e0c0000)
Event: 106.336 GC heap after
Heap after GC invocations=34 (full 0):
 PSYoungGen      total 20608K, used 128K [0x00000007d5f60000, 0x00000007d7780000, 0x0000000800000000)
  eden space 17664K, 0% used [0x00000007d5f60000,0x00000007d5f60000,0x00000007d70a0000)
  from space 2944K, 4% used [0x00000007d74a0000,0x00000007d74c0000,0x00000007d7780000)
  to   space 3520K, 0% used [0x00000007d70a0000,0x00000007d70a0000,0x00000007d7410000)
 ParOldGen       total 86144K, used 15042K [0x0000000781e00000, 0x0000000787220000, 0x00000007d5f60000)
  object space 86144K, 17% used [0x0000000781e00000,0x0000000782cb0a20,0x0000000787220000)
 PSPermGen       total 21248K, used 17000K [0x000000077cc00000, 0x000000077e0c0000, 0x0000000781e00000)
  object space 21248K, 80% used [0x000000077cc00000,0x000000077dc9a048,0x000000077e0c0000)
}
Event: 108.707 GC heap before
{Heap before GC invocations=35 (full 0):
 PSYoungGen      total 20608K, used 17792K [0x00000007d5f60000, 0x00000007d7780000, 0x0000000800000000)
  eden space 17664K, 100% used [0x00000007d5f60000,0x00000007d70a0000,0x00000007d70a0000)
  from space 2944K, 4% used [0x00000007d74a0000,0x00000007d74c0000,0x00000007d7780000)
  to   space 3520K, 0% used [0x00000007d70a0000,0x00000007d70a0000,0x00000007d7410000)
 ParOldGen       total 86144K, used 15042K [0x0000000781e00000, 0x0000000787220000, 0x00000007d5f60000)
  object space 86144K, 17% used [0x0000000781e00000,0x0000000782cb0a20,0x0000000787220000)
 PSPermGen       total 21248K, used 17000K [0x000000077cc00000, 0x000000077e0c0000, 0x0000000781e00000)
  object space 21248K, 80% used [0x000000077cc00000,0x000000077dc9a048,0x000000077e0c0000)
Event: 108.708 GC heap after
Heap after GC invocations=35 (full 0):
 PSYoungGen      total 17536K, used 96K [0x00000007d5f60000, 0x00000007d76c0000, 0x0000000800000000)
  eden space 17408K, 0% used [0x00000007d5f60000,0x00000007d5f60000,0x00000007d7060000)
  from space 128K, 75% used [0x00000007d70a0000,0x00000007d70b8000,0x00000007d70c0000)
  to   space 3264K, 0% used [0x00000007d7390000,0x00000007d7390000,0x00000007d76c0000)
 ParOldGen       total 86144K, used 15050K [0x0000000781e00000, 0x0000000787220000, 0x00000007d5f60000)
  object space 86144K, 17% used [0x0000000781e00000,0x0000000782cb2a20,0x0000000787220000)
 PSPermGen       total 21248K, used 17000K [0x000000077cc00000, 0x000000077e0c0000, 0x0000000781e00000)
  object space 21248K, 80% used [0x000000077cc00000,0x000000077dc9a048,0x000000077e0c0000)
}

Deoptimization events (10 events):
Event: 30.062 Thread 0x000000000cfb9800 Uncommon trap -42 fr.pc 0x0000000002696cb0
Event: 30.079 Thread 0x000000000cfb9800 Uncommon trap -42 fr.pc 0x0000000002696cb0
Event: 30.096 Thread 0x000000000cfb9800 Uncommon trap -42 fr.pc 0x0000000002696cb0
Event: 30.113 Thread 0x000000000cfb9800 Uncommon trap -42 fr.pc 0x0000000002696cb0
Event: 108.326 Thread 0x000000000cfb9800 Uncommon trap -83 fr.pc 0x00000000026d143c
Event: 109.046 Thread 0x000000000cfb9800 Uncommon trap -34 fr.pc 0x00000000026e90dc
Event: 109.047 Thread 0x000000000cfb9800 Uncommon trap -34 fr.pc 0x00000000026e90dc
Event: 109.047 Thread 0x000000000cfb9800 Uncommon trap -34 fr.pc 0x00000000026e90dc
Event: 109.047 Thread 0x000000000cfb9800 Uncommon trap -34 fr.pc 0x00000000026e90dc
Event: 109.108 Thread 0x000000000cfb9800 Uncommon trap -12 fr.pc 0x00000000026efe30

Internal exceptions (10 events):
Event: 2.139 Thread 0x000000000cfb9800 Threw 0x00000007d68adcd8 at C:\jdk7u1_64p\jdk7u11\hotspot\src\share\vm\prims\jvm.cpp:1166
Event: 2.140 Thread 0x000000000cfb9800 Threw 0x00000007d68b2350 at C:\jdk7u1_64p\jdk7u11\hotspot\src\share\vm\prims\jvm.cpp:1166
Event: 2.140 Thread 0x000000000cfb9800 Threw 0x00000007d68b5ed8 at C:\jdk7u1_64p\jdk7u11\hotspot\src\share\vm\prims\jvm.cpp:1166
Event: 2.141 Thread 0x000000000cfb9800 Threw 0x00000007d68baa38 at C:\jdk7u1_64p\jdk7u11\hotspot\src\share\vm\prims\jvm.cpp:1166
Event: 2.143 Thread 0x000000000cfb9800 Threw 0x00000007d68d5028 at C:\jdk7u1_64p\jdk7u11\hotspot\src\share\vm\prims\jvm.cpp:1166
Event: 2.144 Thread 0x000000000cfb9800 Threw 0x00000007d68eb730 at C:\jdk7u1_64p\jdk7u11\hotspot\src\share\vm\prims\jvm.cpp:1166
Event: 2.144 Thread 0x000000000cfb9800 Threw 0x00000007d68ef5b0 at C:\jdk7u1_64p\jdk7u11\hotspot\src\share\vm\prims\jvm.cpp:1166
Event: 2.145 Thread 0x000000000cfb9800 Threw 0x00000007d68f6170 at C:\jdk7u1_64p\jdk7u11\hotspot\src\share\vm\prims\jvm.cpp:1166
Event: 2.150 Thread 0x000000000cfb9800 Threw 0x00000007d6912a80 at C:\jdk7u1_64p\jdk7u11\hotspot\src\share\vm\prims\jvm.cpp:1166
Event: 2.464 Thread 0x000000000cfb9800 Threw 0x00000007d6b52ca0 at C:\jdk7u1_64p\jdk7u11\hotspot\src\share\vm\prims\jvm.cpp:1166

Events (10 events):
Event: 109.049 loading class 0x000000000d026020
Event: 109.050 loading class 0x000000000d026020 done
Event: 109.050 loading class 0x000000000d10d9b0
Event: 109.050 loading class 0x000000000ceac370
Event: 109.050 loading class 0x000000000cf56a80
Event: 109.050 loading class 0x000000000cf56a80 done
Event: 109.050 loading class 0x000000000ceac370 done
Event: 109.050 loading class 0x000000000d10d9b0 done
Event: 109.108 Thread 0x000000000cfb9800 DEOPT PACKING pc=0x00000000026efe30 sp=0x000000000df7e160
Event: 109.108 Thread 0x000000000cfb9800 DEOPT UNPACKING pc=0x0000000002549164 sp=0x000000000df7e120 mode 2


Dynamic libraries:
0x000007f714100000 - 0x000007f714133000 	C:\Program Files\Java\jdk1.7.0_11\bin\java.exe
0x000007fc4de10000 - 0x000007fc4dfce000 	C:\windows\SYSTEM32\ntdll.dll
0x000007fc4b8f0000 - 0x000007fc4ba26000 	C:\windows\system32\KERNEL32.DLL
0x000007fc4b100000 - 0x000007fc4b1f3000 	C:\windows\system32\KERNELBASE.dll
0x000007fc42550000 - 0x000007fc425ef000 	C:\windows\system32\apphelp.dll
0x000007fc4b280000 - 0x000007fc4b35e000 	C:\windows\system32\ADVAPI32.dll
0x000007fc4b600000 - 0x000007fc4b74c000 	C:\windows\system32\USER32.dll
0x000007fc488b0000 - 0x000007fc48b19000 	C:\windows\WinSxS\amd64_microsoft.windows.common-controls_6595b64144ccf1df_6.0.9200.16384_none_418c2a697189c07f\COMCTL32.dll
0x000007fc4bee0000 - 0x000007fc4bf85000 	C:\windows\system32\msvcrt.dll
0x000007fc4d6f0000 - 0x000007fc4d738000 	C:\windows\SYSTEM32\sechost.dll
0x000007fc4b360000 - 0x000007fc4b4a0000 	C:\windows\system32\RPCRT4.dll
0x000007fc4dcd0000 - 0x000007fc4de10000 	C:\windows\system32\GDI32.dll
0x000007fc4dc90000 - 0x000007fc4dcc9000 	C:\windows\system32\IMM32.DLL
0x000007fc4bfa0000 - 0x000007fc4c0b5000 	C:\windows\system32\MSCTF.dll
0x0000000065810000 - 0x00000000658e1000 	C:\Program Files\Java\jdk1.7.0_11\jre\bin\msvcr100.dll
0x00000000650f0000 - 0x000000006580f000 	C:\Program Files\Java\jdk1.7.0_11\jre\bin\server\jvm.dll
0x000007fc408b0000 - 0x000007fc408b9000 	C:\windows\SYSTEM32\WSOCK32.dll
0x000007fc47d40000 - 0x000007fc47d60000 	C:\windows\SYSTEM32\WINMM.dll
0x000007fc4bed0000 - 0x000007fc4bed7000 	C:\windows\system32\PSAPI.DLL
0x000007fc4c3a0000 - 0x000007fc4c3f8000 	C:\windows\system32\WS2_32.dll
0x000007fc47d00000 - 0x000007fc47d32000 	C:\windows\SYSTEM32\WINMMBASE.dll
0x000007fc4bea0000 - 0x000007fc4bea9000 	C:\windows\system32\NSI.dll
0x00000000650e0000 - 0x00000000650ef000 	C:\Program Files\Java\jdk1.7.0_11\jre\bin\verify.dll
0x00000000650b0000 - 0x00000000650d8000 	C:\Program Files\Java\jdk1.7.0_11\jre\bin\java.dll
0x0000000065090000 - 0x00000000650a5000 	C:\Program Files\Java\jdk1.7.0_11\jre\bin\zip.dll
0x000007fc40f80000 - 0x000007fc40f90000 	C:\Program Files (x86)\JetBrains\IntelliJ IDEA 12.1\bin\breakgen64.dll
0x0000000065070000 - 0x0000000065089000 	C:\Program Files\Java\jdk1.7.0_11\jre\bin\net.dll
0x000007fc4a590000 - 0x000007fc4a5ec000 	C:\windows\system32\mswsock.dll
0x0000000064ea0000 - 0x0000000065033000 	C:\Program Files\Java\jdk1.7.0_11\jre\bin\awt.dll
0x000007fc4d740000 - 0x000007fc4d803000 	C:\windows\system32\OLEAUT32.dll
0x000007fc4d8c0000 - 0x000007fc4da70000 	C:\windows\system32\combase.dll
0x000007fc48f10000 - 0x000007fc48f31000 	C:\windows\system32\DWMAPI.DLL
0x000007fc49bd0000 - 0x000007fc49cb3000 	C:\windows\system32\uxtheme.dll
0x000007fc3ec10000 - 0x000007fc3eca5000 	C:\Program Files\Common Files\microsoft shared\ink\tiptsf.dll
0x000007fc4bd20000 - 0x000007fc4be9e000 	C:\windows\system32\ole32.dll
0x000007fc4ab80000 - 0x000007fc4ab8a000 	C:\windows\SYSTEM32\CRYPTBASE.dll
0x000007fc4ab20000 - 0x000007fc4ab7c000 	C:\windows\SYSTEM32\bcryptPrimitives.dll
0x0000000064e60000 - 0x0000000064e94000 	C:\Program Files\Java\jdk1.7.0_11\jre\bin\fontmanager.dll
0x0000000065050000 - 0x0000000065061000 	C:\Program Files\Java\jdk1.7.0_11\jre\bin\nio.dll
0x000007fc47d60000 - 0x000007fc47dc9000 	C:\windows\SYSTEM32\oleacc.dll
0x000007fc4d820000 - 0x000007fc4d8b6000 	C:\windows\SYSTEM32\clbcatq.dll
0x0000000062480000 - 0x0000000062493000 	C:\Dev Tools\path\pthreadGC2.dll
0x0000000065ec0000 - 0x0000000065fa7000 	C:\Dev Tools\path\pdnative.dll
0x0000000065040000 - 0x000000006504c000 	C:\Program Files\Java\jdk1.7.0_11\jre\bin\jsound.dll
0x0000000064e50000 - 0x0000000064e5b000 	C:\Program Files\Java\jdk1.7.0_11\jre\bin\jsoundds.dll
0x000007fc37080000 - 0x000007fc3710b000 	C:\windows\SYSTEM32\DSOUND.dll
0x000007fc4ace0000 - 0x000007fc4ad23000 	C:\windows\SYSTEM32\POWRPROF.dll
0x000007fc48b30000 - 0x000007fc48b92000 	C:\windows\SYSTEM32\MMDevAPI.DLL
0x000007fc4b250000 - 0x000007fc4b272000 	C:\windows\system32\DEVOBJ.dll
0x000007fc4b200000 - 0x000007fc4b24f000 	C:\windows\SYSTEM32\cfgmgr32.dll
0x000007fc38fd0000 - 0x000007fc39009000 	C:\windows\SYSTEM32\wdmaud.drv
0x000007fc3d340000 - 0x000007fc3d347000 	C:\windows\SYSTEM32\ksuser.dll
0x000007fc48b20000 - 0x000007fc48b29000 	C:\windows\SYSTEM32\AVRT.dll
0x000007fc45f10000 - 0x000007fc45f82000 	C:\windows\SYSTEM32\AUDIOSES.DLL
0x000007fc3f170000 - 0x000007fc3f17b000 	C:\windows\SYSTEM32\msacm32.drv
0x000007fc3dfe0000 - 0x000007fc3dff9000 	C:\windows\SYSTEM32\MSACM32.dll
0x000007fc3edd0000 - 0x000007fc3edd9000 	C:\windows\SYSTEM32\midimap.dll
0x000007fc4a5f0000 - 0x000007fc4a60a000 	C:\windows\SYSTEM32\CRYPTSP.dll
0x000007fc4a270000 - 0x000007fc4a2b9000 	C:\windows\system32\rsaenh.dll
0x000007fc4a370000 - 0x000007fc4a38f000 	C:\windows\SYSTEM32\USERENV.dll
0x000007fc4ad40000 - 0x000007fc4ad55000 	C:\windows\SYSTEM32\profapi.dll
0x000007fc3d060000 - 0x000007fc3d074000 	C:\windows\system32\napinsp.dll
0x000007fc3d080000 - 0x000007fc3d098000 	C:\windows\system32\pnrpnsp.dll
0x000007fc497d0000 - 0x000007fc497e6000 	C:\windows\system32\NLAapi.dll
0x000007fc4a3d0000 - 0x000007fc4a468000 	C:\windows\SYSTEM32\DNSAPI.dll
0x000007fc3d120000 - 0x000007fc3d132000 	C:\windows\System32\winrnr.dll
0x000007fc3d0a0000 - 0x000007fc3d0b4000 	C:\windows\system32\wshbth.dll
0x000007fc3f690000 - 0x000007fc3f698000 	C:\Windows\System32\rasadhlp.dll
0x000007fc468d0000 - 0x000007fc468fa000 	C:\windows\SYSTEM32\IPHLPAPI.DLL
0x000007fc468b0000 - 0x000007fc468ba000 	C:\windows\SYSTEM32\WINNSI.DLL
0x000007fc46480000 - 0x000007fc464df000 	C:\windows\System32\fwpuclnt.dll
0x00000000637c0000 - 0x00000000637ca000 	C:\Users\Paul\AppData\Local\Temp\jogamp_0000\file_cache\jln6604743415093683763\jln6948853883469054335\gluegen-rt.dll
0x0000000064e40000 - 0x0000000064e47000 	C:\Program Files\Java\jdk1.7.0_11\jre\bin\jawt.dll
0x000000006a440000 - 0x000000006a44b000 	C:\Users\Paul\AppData\Local\Temp\jogamp_0000\file_cache\jln6604743415093683763\jln6948853883469054335\nativewindow_awt.dll
0x000007fc4c400000 - 0x000007fc4d6e8000 	C:\windows\system32\SHELL32.dll
0x000007fc4c2f0000 - 0x000007fc4c340000 	C:\windows\system32\SHLWAPI.dll
0x000007fc49350000 - 0x000007fc493e6000 	C:\windows\SYSTEM32\shcore.dll
0x000000006c100000 - 0x000000006c10b000 	C:\Users\Paul\AppData\Local\Temp\jogamp_0000\file_cache\jln6604743415093683763\jln6948853883469054335\nativewindow_win32.dll
0x000007fc36820000 - 0x000007fc3693f000 	C:\windows\SYSTEM32\OpenGL32.dll
0x000007fc367f0000 - 0x000007fc3681c000 	C:\windows\SYSTEM32\GLU32.dll
0x000007fc36700000 - 0x000007fc367ea000 	C:\windows\SYSTEM32\DDRAW.dll
0x000007fc372c0000 - 0x000007fc372c8000 	C:\windows\SYSTEM32\DCIMAN32.dll
0x0000000064500000 - 0x000000006458b000 	C:\Users\Paul\AppData\Local\Temp\jogamp_0000\file_cache\jln6604743415093683763\jln6948853883469054335\jogl_desktop.dll
0x000007fc237d0000 - 0x000007fc242ef000 	C:\windows\SYSTEM32\ig7icd64.dll
0x0000000064df0000 - 0x0000000064e31000 	C:\Program Files\Java\jdk1.7.0_11\jre\bin\t2k.dll

VM Arguments:
jvm_args: -Didea.launcher.port=7533 -Didea.launcher.bin.path=C:\Program Files (x86)\JetBrains\IntelliJ IDEA 12.1\bin -Dfile.encoding=UTF-8 
java_command: com.intellij.rt.execution.application.AppMain com.generalprocessingunit.dodecathedral.win.Dodecathedral
Launcher Type: SUN_STANDARD

Environment Variables:
JAVA_HOME=C:\Program Files\Java\jdk1.7.0_11
PATH=C:\Program Files (x86)\JetBrains\IntelliJ IDEA 12.1\bin\..\.\bin;C:\Program Files (x86)\Intel\iCLS Client\;C:\Program Files\Intel\iCLS Client\;C:\windows\system32;C:\windows;C:\windows\System32\Wbem;C:\windows\System32\WindowsPowerShell\v1.0\;C:\Program Files\Intel\Intel(R) Management Engine Components\DAL;C:\Program Files\Intel\Intel(R) Management Engine Components\IPT;C:\Program Files (x86)\Intel\Intel(R) Management Engine Components\DAL;C:\Program Files (x86)\Intel\Intel(R) Management Engine Components\IPT;C:\Program Files\Intel\WiFi\bin\;C:\Program Files\Common Files\Intel\WirelessCommon\;C:\Program Files (x86)\Windows Live\Shared;C:\Program Files (x86)\Git\cmd;C:\Program Files\TortoiseSVN\bin;C:\Dev Tools\sixense_simple3d;C:\Program Files (x86)\sbt\;C:\Program Files\Java\jdk1.7.0_11;C:\Dev Tools\path\;c:\program files (x86)\jetbrains\intellij idea 12.1\jre\jre\bin
USERNAME=Paul
OS=Windows_NT
PROCESSOR_IDENTIFIER=Intel64 Family 6 Model 58 Stepping 9, GenuineIntel



---------------  S Y S T E M  ---------------

OS: Windows 8 , 64 bit Build 9200 

CPU:total 4 (2 cores per cpu, 2 threads per core) family 6 model 58 stepping 9, cmov, cx8, fxsr, mmx, sse, sse2, sse3, ssse3, sse4.1, sse4.2, popcnt, avx, ht, tsc, tscinvbit, tscinv

Memory: 4k page, physical 8264980k(2945068k free), swap 12066068k(3714004k free)

vm_info: Java HotSpot(TM) 64-Bit Server VM (23.6-b04) for windows-amd64 JRE (1.7.0_11-b21), built on Jan 12 2013 02:38:42 by "java_re" with unknown MS VC++:1600

time: Sun Apr 07 13:31:58 2013
elapsed time: 110 seconds

